   Compiling ../../../src/dog_test.cpp in debug mode
   Compiling ../../../src/dog.cpp in debug mode
   Generating csim.exe
 line out : 0 0 0 
 line out : 0 218 0 
 line out : 0 186 0 
 line out : 0 77 0 
 line out : 0 240 0 
 line out : 160 157 0 
 line out : 8 197 0 
 line out : 109 86 0 
 line out : 2 246 0 
 line out : 1 0 0 
 line out : 2 0 218 
 line out : 3 0 186 
 line out : 4 0 77 
 line out : 5 0 240 
 line out : 6 160 157 
 line out : 7 8 197 
 line out : 8 109 86 
 line out : 9 2 246 
 line out : 10 1 0 
 line out : 11 2 0 
 line out : 12 3 0 
 line out : 13 4 0 
 line out : 14 5 0 
 line out : 15 6 160 
 line out : 16 7 8 
 line out : 17 8 109 
 line out : 18 9 2 
 line out : 19 10 1 
 line out : 20 11 2 
 line out : 21 12 3 
 line out : 22 13 4 
 line out : 23 14 5 
 line out : 24 15 6 
 line out : 25 16 7 
 line out : 26 17 8 
 line out : 27 18 9 
 line out : 28 19 10 
 line out : 29 20 11 
 line out : 30 21 12 
 line out : 31 22 13 
 line out : 32 23 14 
 line out : 33 24 15 
 line out : 34 25 16 
 line out : 35 26 17 
 line out : 36 27 18 
 line out : 37 28 19 
 line out : 38 29 20 
 line out : 39 30 21 
 line out : 40 31 22 
 line out : 41 32 23 
 line out : 42 33 24 
 line out : 43 34 25 
 line out : 44 35 26 
 line out : 45 36 27 
 line out : 46 37 28 
 line out : 47 38 29 
 line out : 48 39 30 
 line out : 49 40 31 
 line out : 50 41 32 
 line out : 51 42 33 
 line out : 52 43 34 
 line out : 53 44 35 
 line out : 54 45 36 
 line out : 55 46 37 
INFO: [SIM 1] CSim done with 0 errors.
