@I [HLS-0] Workspace /home/amin/sarbazi/hlsprojs/sift_starter/solution1 opened at Mon Dec 30 17:40:51 +0330 2019
@I [HLS-100] Command "config_clock -quiet -name default -period 5 -default=false "
@I [SYN-201] Setting up clock 'default' with a period of 5ns.
@I [HLS-100] Command 'config_clock' returned 0; elapsed 0.000133Total elapsed time: 0.296 sec.
@I [HLS-100] Command "open_platform DefaultPlatform "
@I [HLS-100] Command 'open_platform' returned 0; elapsed 4.3e-05Total elapsed time: 0.297 sec.
@I [HLS-100] Command "import_lib /opt/Xilinx/Vivado_HLS/2016.2/common/technology/xilinx/qzynq/qzynq "
@I [HLS-100] Command "source /opt/Xilinx/Vivado_HLS/2016.2/common/technology/xilinx/common/xilinx.lib "
@I [HLS-100] Command "source /opt/Xilinx/Vivado_HLS/2016.2/common/technology/xilinx/interface/xilinx_interface.lib "
@I [HLS-100] Command "source /opt/Xilinx/Vivado_HLS/2016.2/common/technology/xilinx/interface/plb46.lib "
@I [HLS-100] Command 'ap_source' returned 0; elapsed 0.000239Total elapsed time: 0.298 sec.
@I [HLS-100] Command "source /opt/Xilinx/Vivado_HLS/2016.2/common/technology/xilinx/interface/fsl.lib "
@I [HLS-100] Command 'ap_source' returned 0; elapsed 0.000113Total elapsed time: 0.298 sec.
@I [HLS-100] Command "source /opt/Xilinx/Vivado_HLS/2016.2/common/technology/xilinx/interface/axi4.lib "
@I [HLS-100] Command 'ap_source' returned 0; elapsed 0.000166Total elapsed time: 0.298 sec.
@I [HLS-100] Command "source /opt/Xilinx/Vivado_HLS/2016.2/common/technology/xilinx/interface/maxi.lib "
@I [HLS-100] Command 'ap_source' returned 0; elapsed 0.00014Total elapsed time: 0.298 sec.
@I [HLS-100] Command "source /opt/Xilinx/Vivado_HLS/2016.2/common/technology/xilinx/interface/saxilite.lib "
@I [HLS-100] Command 'ap_source' returned 0; elapsed 9.2e-05Total elapsed time: 0.299 sec.
@I [HLS-100] Command 'ap_source' returned 0; elapsed 0.001435Total elapsed time: 0.299 sec.
@I [HLS-100] Command "source /opt/Xilinx/Vivado_HLS/2016.2/common/technology/xilinx/common/dsp48.lib "
@I [HLS-100] Command 'ap_source' returned 0; elapsed 0.000106Total elapsed time: 0.299 sec.
@I [HLS-100] Command "source /opt/Xilinx/Vivado_HLS/2016.2/common/technology/xilinx/ip/dds_compiler.lib "
@I [HLS-100] Command 'ap_source' returned 0; elapsed 6.8e-05Total elapsed time: 0.299 sec.
@I [HLS-100] Command "source /opt/Xilinx/Vivado_HLS/2016.2/common/technology/xilinx/ip/xfir.lib "
@I [HLS-100] Command 'ap_source' returned 0; elapsed 6e-05Total elapsed time: 0.299 sec.
@I [HLS-100] Command "source /opt/Xilinx/Vivado_HLS/2016.2/common/technology/xilinx/ip/xfft.lib "
@I [HLS-100] Command 'ap_source' returned 0; elapsed 5.9e-05Total elapsed time: 0.300 sec.
@I [HLS-100] Command 'ap_source' returned 0; elapsed 0.004155Total elapsed time: 0.301 sec.
@I [HLS-100] Command "source /opt/Xilinx/Vivado_HLS/2016.2/common/technology/xilinx/common/xilinx_old.lib "
@I [HLS-100] Command 'ap_source' returned 0; elapsed 0.000614Total elapsed time: 0.303 sec.
@I [HLS-100] Command "source /opt/Xilinx/Vivado_HLS/2016.2/common/technology/xilinx/common/xilinx_vivado.lib "
@I [HLS-100] Command 'ap_source' returned 0; elapsed 0.000563Total elapsed time: 0.304 sec.
@I [HLS-100] Command "source /opt/Xilinx/Vivado_HLS/2016.2/common/technology/xilinx/common/xilinx.hlp "
@I [HLS-100] Command "source /opt/Xilinx/Vivado_HLS/2016.2/common/technology/xilinx/common/target_info.tcl "
@I [HLS-100] Command 'ap_source' returned 0; elapsed 0.000115Total elapsed time: 0.306 sec.
@I [HLS-100] Command "source /opt/Xilinx/Vivado_HLS/2016.2/common/technology/xilinx/interface/xilinx_interface.hlp "
@I [HLS-100] Command "source /opt/Xilinx/Vivado_HLS/2016.2/common/technology/xilinx/interface/maxi.hlp "
@I [HLS-100] Command 'ap_source' returned 0; elapsed 9.5e-05Total elapsed time: 0.306 sec.
@I [HLS-100] Command "source /opt/Xilinx/Vivado_HLS/2016.2/common/technology/xilinx/interface/saxilite.hlp "
@I [HLS-100] Command 'ap_source' returned 0; elapsed 7.2e-05Total elapsed time: 0.306 sec.
@I [HLS-100] Command 'ap_source' returned 0; elapsed 0.000422Total elapsed time: 0.306 sec.
@I [HLS-100] Command "source /opt/Xilinx/Vivado_HLS/2016.2/common/technology/xilinx/common/dsp48.hlp "
@I [HLS-100] Command 'ap_source' returned 0; elapsed 0.000459Total elapsed time: 0.307 sec.
@I [HLS-100] Command 'ap_source' returned 0; elapsed 0.002162Total elapsed time: 0.307 sec.
@I [HLS-100] Command "source /opt/Xilinx/Vivado_HLS/2016.2/common/technology/xilinx/qzynq/dsp48e1.hlp "
@I [HLS-100] Command 'ap_source' returned 0; elapsed 6.3e-05Total elapsed time: 0.308 sec.
@I [HLS-100] Command "get_default_platform "
@I [HLS-100] Command 'get_default_platform' returned 0; elapsed 5e-06Total elapsed time: 0.308 sec.
@I [HLS-100] Command "config_chip_info -quiet -resource  {SLICE 13300}  {LUT 53200}     {FF 106400} {DSP48E 220}   {BRAM 280}  "
@I [HLS-100] Command 'config_chip_info' returned 0; elapsed 1.5e-05Total elapsed time: 0.308 sec.
@I [HLS-100] Command "config_chip_info -quiet -speed medium "
@I [HLS-100] Command 'config_chip_info' returned 0; elapsed 5e-06Total elapsed time: 0.308 sec.
@I [HLS-100] Command 'import_lib' returned 0; elapsed 0.012106Total elapsed time: 0.309 sec.
@I [HLS-100] Command "source /opt/Xilinx/Vivado_HLS/2016.2/common/technology/xilinx/qzynq/qzynq.gen "
@I [HLS-100] Command "source /opt/Xilinx/Vivado_HLS/2016.2/common/technology/xilinx/common/virtex.gen "
@I [HLS-100] Command "source /opt/Xilinx/Vivado_HLS/2016.2/common/technology/xilinx/common/xilinx.gen "
@I [HLS-100] Command "source /opt/Xilinx/Vivado_HLS/2016.2/common/technology/xilinx/interface/plb46.gen "
@I [HLS-100] Command 'ap_source' returned 0; elapsed 0.001029Total elapsed time: 0.311 sec.
@I [HLS-100] Command "source /opt/Xilinx/Vivado_HLS/2016.2/common/technology/xilinx/interface/fsl.gen "
@I [HLS-100] Command 'ap_source' returned 0; elapsed 0.000325Total elapsed time: 0.311 sec.
@I [HLS-100] Command "source /opt/Xilinx/Vivado_HLS/2016.2/common/technology/xilinx/interface/axi4.gen "
@I [HLS-100] Command 'ap_source' returned 0; elapsed 0.001657Total elapsed time: 0.313 sec.
@I [HLS-100] Command "source /opt/Xilinx/Vivado_HLS/2016.2/common/technology/xilinx/interface/nativeAXI4.gen "
@I [HLS-100] Command "source /opt/Xilinx/Vivado_HLS/2016.2/common/technology/xilinx/interface/saxilite.gen "
@I [HLS-100] Command 'ap_source' returned 0; elapsed 0.002962Total elapsed time: 0.316 sec.
@I [HLS-100] Command "source /opt/Xilinx/Vivado_HLS/2016.2/common/technology/xilinx/interface/maxi.gen "
@I [HLS-100] Command 'ap_source' returned 0; elapsed 0.006171Total elapsed time: 0.323 sec.
@I [HLS-100] Command 'ap_source' returned 0; elapsed 0.009538Total elapsed time: 0.323 sec.
@I [HLS-100] Command "source /opt/Xilinx/Vivado_HLS/2016.2/common/technology/xilinx/scripts/xilinxcoregen.gen "
@I [HLS-100] Command 'ap_source' returned 0; elapsed 0.007815Total elapsed time: 0.331 sec.
@I [HLS-100] Command "source /opt/Xilinx/Vivado_HLS/2016.2/common/technology/xilinx/interface/XilEDKCoreGen.gen "
@I [HLS-100] Command 'ap_source' returned 0; elapsed 0.006505Total elapsed time: 0.337 sec.
@I [HLS-100] Command "source /opt/Xilinx/Vivado_HLS/2016.2/common/technology/xilinx/ip/dds_compiler.gen "
@I [HLS-100] Command 'ap_source' returned 0; elapsed 0.002683Total elapsed time: 0.340 sec.
@I [HLS-100] Command "source /opt/Xilinx/Vivado_HLS/2016.2/common/technology/xilinx/ip/util.gen "
@I [HLS-100] Command 'ap_source' returned 0; elapsed 0.000115Total elapsed time: 0.341 sec.
@I [HLS-100] Command "source /opt/Xilinx/Vivado_HLS/2016.2/common/technology/xilinx/ip/xfir.gen "
@I [HLS-100] Command 'ap_source' returned 0; elapsed 0.000534Total elapsed time: 0.341 sec.
@I [HLS-100] Command "source /opt/Xilinx/Vivado_HLS/2016.2/common/technology/xilinx/ip/xfft.gen "
@I [HLS-100] Command 'ap_source' returned 0; elapsed 0.095145Total elapsed time: 0.437 sec.
@I [HLS-100] Command 'ap_source' returned 0; elapsed 0.126971Total elapsed time: 0.437 sec.
@I [HLS-100] Command "source /opt/Xilinx/Vivado_HLS/2016.2/common/technology/xilinx/common/dsp48.gen "
@I [HLS-100] Command 'ap_source' returned 0; elapsed 0.000125Total elapsed time: 0.438 sec.
@I [HLS-100] Command 'ap_source' returned 0; elapsed 0.128993Total elapsed time: 0.438 sec.
@I [HLS-100] Command 'ap_source' returned 0; elapsed 0.12922Total elapsed time: 0.439 sec.
@I [HLS-100] Command "open_platform DefaultPlatform "
@I [HLS-100] Command 'open_platform' returned 0; elapsed 7e-06Total elapsed time: 0.439 sec.
@I [HLS-100] Command "import_lib /opt/Xilinx/Vivado_HLS/2016.2/common/technology/xilinx/qzynq/qzynq_fpv6 "
@I [HLS-100] Command "source /opt/Xilinx/Vivado_HLS/2016.2/common/technology/xilinx/common/xilinx_fpv7.lib "
@I [HLS-100] Command "source /opt/Xilinx/Vivado_HLS/2016.2/common/technology/xilinx/common/xilinx_hp.lib "
@I [HLS-100] Command 'ap_source' returned 0; elapsed 0.000558Total elapsed time: 0.440 sec.
@I [HLS-100] Command 'ap_source' returned 0; elapsed 0.003059Total elapsed time: 0.442 sec.
@I [HLS-100] Command "source /opt/Xilinx/Vivado_HLS/2016.2/common/technology/xilinx/common/xilinx_fpv.hlp "
@I [HLS-100] Command "source /opt/Xilinx/Vivado_HLS/2016.2/common/technology/xilinx/common/xilinx.hlp "
@I [HLS-100] Command "source /opt/Xilinx/Vivado_HLS/2016.2/common/technology/xilinx/common/target_info.tcl "
@I [HLS-100] Command 'ap_source' returned 0; elapsed 0.000137Total elapsed time: 0.446 sec.
@I [HLS-100] Command "source /opt/Xilinx/Vivado_HLS/2016.2/common/technology/xilinx/interface/xilinx_interface.hlp "
@I [HLS-100] Command "source /opt/Xilinx/Vivado_HLS/2016.2/common/technology/xilinx/interface/maxi.hlp "
@I [HLS-100] Command 'ap_source' returned 0; elapsed 9.6e-05Total elapsed time: 0.446 sec.
@I [HLS-100] Command "source /opt/Xilinx/Vivado_HLS/2016.2/common/technology/xilinx/interface/saxilite.hlp "
@I [HLS-100] Command 'ap_source' returned 0; elapsed 7.6e-05Total elapsed time: 0.446 sec.
@I [HLS-100] Command 'ap_source' returned 0; elapsed 0.000394Total elapsed time: 0.446 sec.
@I [HLS-100] Command "source /opt/Xilinx/Vivado_HLS/2016.2/common/technology/xilinx/common/dsp48.hlp "
@I [HLS-100] Command 'ap_source' returned 0; elapsed 0.000443Total elapsed time: 0.447 sec.
@I [HLS-100] Command 'ap_source' returned 0; elapsed 0.002087Total elapsed time: 0.448 sec.
@I [HLS-100] Command 'ap_source' returned 0; elapsed 0.002569Total elapsed time: 0.448 sec.
@I [HLS-100] Command "source /opt/Xilinx/Vivado_HLS/2016.2/common/technology/xilinx/qzynq/qzynq_hp.hlp "
@I [HLS-100] Command 'ap_source' returned 0; elapsed 0.000683Total elapsed time: 0.449 sec.
@I [HLS-100] Command 'import_lib' returned 0; elapsed 0.012397Total elapsed time: 0.451 sec.
@I [HLS-100] Command "source /opt/Xilinx/Vivado_HLS/2016.2/common/technology/xilinx/qzynq/qzynq_fpv6.gen "
@I [HLS-100] Command "source /opt/Xilinx/Vivado_HLS/2016.2/common/technology/xilinx/common/xilinx_fpv6.gen "
@I [HLS-100] Command 'ap_source' returned 0; elapsed 0.001266Total elapsed time: 0.453 sec.
@I [HLS-100] Command 'ap_source' returned 0; elapsed 0.001464Total elapsed time: 0.453 sec.
@I [HLS-100] Command "set_part xq7z020cl400-1q "
@I [HLS-100] Command "add_library xilinx/qzynq/qzynq:xq7z020:cl400:-1q "
@I [HLS-100] Command "get_default_platform "
@I [HLS-100] Command 'get_default_platform' returned 0; elapsed 6e-06Total elapsed time: 0.457 sec.
@I [HLS-100] Command "license_isbetapart xq7z020 "
@I [HLS-100] Command 'license_isbetapart' returned 1; elapsed 0.005637Total elapsed time: 0.463 sec.
@I [HLS-100] Command "get_default_platform "
@I [HLS-100] Command 'get_default_platform' returned 0; elapsed 7e-06Total elapsed time: 0.464 sec.
@I [HLS-100] Command "config_chip_info -quiet -resource  {SLICE 13300}  {LUT 53200}     {FF 106400} {DSP48E 220}   {BRAM 280}  "
@I [HLS-100] Command 'config_chip_info' returned 0; elapsed 1.4e-05Total elapsed time: 0.464 sec.
@I [HLS-100] Command "config_chip_info -quiet -speed slow "
@I [HLS-100] Command 'config_chip_info' returned 0; elapsed 6e-06Total elapsed time: 0.464 sec.
@I [HLS-100] Command 'add_library' returned 0; elapsed 0.008921Total elapsed time: 0.465 sec.
@I [HLS-100] Command "add_library xilinx/qzynq/qzynq_fpv6 "
@I [HLS-100] Command "get_default_platform "
@I [HLS-100] Command 'get_default_platform' returned 0; elapsed 8e-06Total elapsed time: 0.466 sec.
@I [HLS-100] Command 'add_library' returned 0; elapsed 0.002069Total elapsed time: 0.468 sec.
@I [HLS-10] Setting target device to 'xq7z020cl400-1q'
@I [HLS-100] Command 'set_part' returned 0; elapsed 0.014541Total elapsed time: 0.468 sec.
@I [HLS-100] Command "get_default_platform "
@I [HLS-100] Command 'get_default_platform' returned 0; elapsed 5e-06Total elapsed time: 0.468 sec.
@I [HLS-100] Command "config_chip_info -quiet -resource  {SLICE 13300}  {LUT 53200}     {FF 106400} {DSP48E 220}   {BRAM 280}  "
@I [HLS-100] Command 'config_chip_info' returned 0; elapsed 1.3e-05Total elapsed time: 0.468 sec.
@I [HLS-100] Command "config_chip_info -quiet -speed slow "
@I [HLS-100] Command 'config_chip_info' returned 0; elapsed 4e-06Total elapsed time: 0.468 sec.
@I [HLS-100] Command 'open_solution' returned 0; elapsed 0.177647Total elapsed time: 0.469 sec.
@I [HLS-100] Command "set_part xq7z020cl400-1q -tool vivado "
@I [HLS-100] Command "add_library xilinx/qzynq/qzynq:xq7z020:cl400:-1q "
@I [HLS-100] Command "get_default_platform "
@I [HLS-100] Command 'get_default_platform' returned 0; elapsed 8e-06Total elapsed time: 0.472 sec.
@I [HLS-100] Command "license_isbetapart xq7z020 "
@I [HLS-100] Command 'license_isbetapart' returned 1; elapsed 6.1e-05Total elapsed time: 0.472 sec.
@I [HLS-100] Command "get_default_platform "
@I [HLS-100] Command 'get_default_platform' returned 0; elapsed 6e-06Total elapsed time: 0.473 sec.
@I [HLS-100] Command "config_chip_info -quiet -resource  {SLICE 13300}  {LUT 53200}     {FF 106400} {DSP48E 220}   {BRAM 280}  "
@I [HLS-100] Command 'config_chip_info' returned 0; elapsed 1.4e-05Total elapsed time: 0.473 sec.
@I [HLS-100] Command "config_chip_info -quiet -speed slow "
@I [HLS-100] Command 'config_chip_info' returned 0; elapsed 5e-06Total elapsed time: 0.473 sec.
@I [HLS-100] Command 'add_library' returned 0; elapsed 0.002876Total elapsed time: 0.474 sec.
@I [HLS-100] Command "add_library xilinx/qzynq/qzynq_fpv6 "
@I [HLS-100] Command "get_default_platform "
@I [HLS-100] Command 'get_default_platform' returned 0; elapsed 4e-06Total elapsed time: 0.474 sec.
@I [HLS-100] Command 'add_library' returned 0; elapsed 0.001154Total elapsed time: 0.475 sec.
@I [HLS-100] Command 'set_part' returned 0; elapsed 0.006562Total elapsed time: 0.476 sec.
@I [HLS-100] Command "create_clock -period 5 -name default "
@I [HLS-100] Command 'create_clock' returned 0; elapsed 0.000814Total elapsed time: 0.477 sec.
@I [HLS-100] Command "csynth_design "
@I [HLS-100] Command "elaborate -effort=medium -skip_syncheck=0 -keep_printf=0 -lm=0 -skip_cdt=0 -skip_transform=0 -ng=0 -g=0 -opt_fp=0 "
@I [HLS-10] Analyzing design file 'sift_starter/src/dog.cpp' ... 
@0 [HLS-0] Analyzing design file 'sift_starter/src/dog.cpp' ... 
@I [HLS-0] Compiling one TU...
@I [HLS-0] 
Checking before pre-process: exec clang -fno-limit-debug-info -gcc-toolchain "/opt/Xilinx/Vivado_HLS/2016.2/lnx64/tools/gcc" -hls    -fno-math-errno -c -emit-llvm -O0  -mllvm -disable-llvm-optzns -fno-threadsafe-statics  -fno-use-cxa-atexit  -fno-threadsafe-statics -fno-use-cxa-atexit   -I "/opt/Xilinx/Vivado_HLS/2016.2/lnx64/tools/systemc/include" -I "/opt/Xilinx/Vivado_HLS/2016.2/include" -I "/opt/Xilinx/Vivado_HLS/2016.2/include/ap_sysc" -fexceptions -I "/opt/Xilinx/Vivado_HLS/2016.2/common/technology/autopilot" -include etc/autopilot_ssdm_op.h "sift_starter/src/dog.cpp"  -o "/home/amin/sarbazi/hlsprojs/sift_starter/solution1/.autopilot/db/dog.pp.00.o"

@I [HLS-100] Command "is_encrypted /home/amin/sarbazi/hlsprojs/sift_starter/solution1/.autopilot/db/dog.pp.00.o "
@I [HLS-100] Command 'is_encrypted' returned 0; elapsed 7e-05Total elapsed time: 22.63 sec.
@I [HLS-0] Syntax Checker time: 21 seconds per iteration
@I [HLS-0] 
Source preprocessing: exec clang -fno-limit-debug-info -gcc-toolchain "/opt/Xilinx/Vivado_HLS/2016.2/lnx64/tools/gcc" -hls -fno-exceptions  -D__llvm__  -CC -E "sift_starter/src/dog.cpp"     -fno-math-errno -c -emit-llvm -O0  -mllvm -disable-llvm-optzns -fno-threadsafe-statics  -fno-use-cxa-atexit  -fno-threadsafe-statics -fno-use-cxa-atexit -DAESL_SYN -D__SYNTHESIS__ -D__HLS_SYN__ -I "/opt/Xilinx/Vivado_HLS/2016.2/common/technology/autopilot" -I "/opt/Xilinx/Vivado_HLS/2016.2/common/technology/autopilot/ap_sysc" -include etc/autopilot_ssdm_op.h  -o "/home/amin/sarbazi/hlsprojs/sift_starter/solution1/.autopilot/db/dog.pp.0.cpp"

@I [HLS-0] GCC PP time: 0 seconds per iteration
@I [HLS-100] Command "list_core -type functional_unit "
@I [HLS-100] Command 'list_core' returned 0; elapsed 0.000193Total elapsed time: 22.477 sec.
@I [HLS-0] Marker-Pragma convertor: /home/amin/sarbazi/hlsprojs/sift_starter/solution1/.autopilot/db/dog.pp.0.cpp /home/amin/sarbazi/hlsprojs/sift_starter/solution1/.autopilot/db/dog.pp.0.cpp.ap-line.cpp /home/amin/sarbazi/hlsprojs/sift_starter/solution1/.autopilot/db/dog.pp.0.cpp.ap-line.cpp.CXX 1
@I [HLS-0] 
Source processor: exec /opt/Xilinx/Vivado_HLS/2016.2/tps/lnx64/jre/bin/java -Xmx512m -classpath   "/opt/Xilinx/Vivado_HLS/2016.2/lib/classes/autopilot.sourceprocessor.jar:/opt/Xilinx/Vivado_HLS/2016.2/lib/classes/org.eclipse.cdt.core_5.3.0.xilinx_patch.jar:/opt/Xilinx/Vivado_HLS/2016.2/lib/classes/org.eclipse.core.runtime_3.7.0.v20110110.jar:/opt/Xilinx/Vivado_HLS/2016.2/lib/classes/org.eclipse.equinox.common_3.6.0.v20110523.jar:/opt/Xilinx/Vivado_HLS/2016.2/lib/classes/com.ibm.icu_4.4.2.v20110208.jar:/opt/Xilinx/Vivado_HLS/2016.2/lib/classes/jargs.jar:/opt/Xilinx/Vivado_HLS/2016.2/lnx64/tools/eclipse/plugins/org.eclipse.emf.common_2.10.1.v20150123-0348.jar:/opt/Xilinx/Vivado_HLS/2016.2/lnx64/tools/eclipse/plugins/org.eclipse.emf.ecore_2.10.2.v20150123-0348.jar:/opt/Xilinx/Vivado_HLS/2016.2/lnx64/tools/eclipse/plugins/org.eclipse.emf.ecore.xmi_2.10.2.v20150123-0348.jar:/opt/Xilinx/Vivado_HLS/2016.2/lnx64/tools/eclipse/plugins/com.autoesl.autopilot.ui.directiveFileModel_1.0.0.jar:/opt/Xilinx/Vivado_HLS/2016.2/lnx64/tools/eclipse/plugins/com.autoesl.autopilot.ui.common_1.0.0.jar"  autopilot.sourceprocessor.CParser  "/home/amin/sarbazi/hlsprojs/sift_starter/solution1/.autopilot/db/dog.pp.0.cpp.ap-line.cpp"  -m "kp_detection" -o "/home/amin/sarbazi/hlsprojs/sift_starter/solution1/.autopilot/db/dog.pp.0.cpp.ap-cdt.cpp" --pp --directive /home/amin/sarbazi/hlsprojs/sift_starter/solution1/solution1.directive --source /home/amin/sarbazi/hlsprojs/sift_starter/src/dog.cpp --error /home/amin/sarbazi/hlsprojs/sift_starter/solution1/.autopilot/db --funcunit "AddSub AddSub_DSP AddSubnS DAddSub_fulldsp DAddSub_nodsp DDiv DExp_fulldsp DExp_meddsp DExp_nodsp DLog_fulldsp DLog_meddsp DLog_nodsp DMul_fulldsp DMul_maxdsp DMul_meddsp DMul_nodsp DRSqrt DRecip DSqrt DivnS FAddSub_fulldsp FAddSub_nodsp FDiv FExp_fulldsp FExp_meddsp FExp_nodsp FLog_fulldsp FLog_meddsp FLog_nodsp FMul_fulldsp FMul_maxdsp FMul_meddsp FMul_nodsp FRSqrt_fulldsp FRSqrt_nodsp FRecip_fulldsp FRecip_nodsp FSqrt HAddSub_nodsp HDiv HMul_fulldsp HMul_maxdsp HMul_nodsp HSqrt Mul Mul2S Mul3S Mul4S Mul5S Mul6S Mul_LUT MulnS MuxnS" --ve --vetcl /home/amin/sarbazi/hlsprojs/sift_starter/solution1/.autopilot/db --ca --es --gf --pd --p2d /home/amin/sarbazi/hlsprojs/sift_starter/solution1/.autopilot/db --sd --scff /home/amin/sarbazi/hlsprojs/sift_starter/solution1/.autopilot/db/.systemc_flag --ad

@I [HLS-0] Error:Syntax error in source:for (__decltype(__n + 0) __niter = __n;
Error:Missing ; in source:t
Error:Syntax error in source:)
 *__first = __value;
Error:Syntax error in source:for (__decltype(__n + 0) __niter = __n;
Error:Missing ; in source:t
Error:Syntax error in source:)
 *__first = __tmp;
@I [HLS-0] Marker-Pragma convertor: /home/amin/sarbazi/hlsprojs/sift_starter/solution1/.autopilot/db/dog.pp.0.cpp.ap-cdt.cpp /home/amin/sarbazi/hlsprojs/sift_starter/solution1/.autopilot/db/dog.pragma.0.cpp /home/amin/sarbazi/hlsprojs/sift_starter/solution1/.autopilot/db/dog.pragma.0.cpp.ap-line.CXX 0
@I [HLS-100] Command "source /home/amin/sarbazi/hlsprojs/sift_starter/solution1/.autopilot/db/pragma.status.tcl "
@I [HLS-100] Command 'ap_source' returned 0; elapsed 0.000172Total elapsed time: 230.545 sec.
@I [HLS-0] CDT processor time: 208 seconds per iteration
@I [HLS-0] Pragma handling time: 4 seconds per iteration
@I [HLS-0] 
Source preprocessing: exec clang -fno-limit-debug-info -gcc-toolchain "/opt/Xilinx/Vivado_HLS/2016.2/lnx64/tools/gcc" -hls -fno-exceptions  -D__llvm__  -CC -E "/home/amin/sarbazi/hlsprojs/sift_starter/solution1/.autopilot/db/dog.pragma.1.cpp"     -fno-math-errno -c -emit-llvm -O0  -mllvm -disable-llvm-optzns -fno-threadsafe-statics  -fno-use-cxa-atexit  -fno-threadsafe-statics -fno-use-cxa-atexit -DAESL_SYN -D__SYNTHESIS__ -D__HLS_SYN__ -I "/opt/Xilinx/Vivado_HLS/2016.2/common/technology/autopilot" -I "/opt/Xilinx/Vivado_HLS/2016.2/common/technology/autopilot/ap_sysc" -include etc/autopilot_ssdm_op.h  -o "/home/amin/sarbazi/hlsprojs/sift_starter/solution1/.autopilot/db/dog.pragma.2.cpp"

@I [HLS-0] exec clang -fno-limit-debug-info -gcc-toolchain /opt/Xilinx/Vivado_HLS/2016.2/lnx64/tools/gcc -hls -hls-analyze-label -hls-analyze-pragma -fno-exceptions  -D__llvm__  -w  "/home/amin/sarbazi/hlsprojs/sift_starter/solution1/.autopilot/db/dog.pragma.2.cpp"    -fno-math-errno -c -emit-llvm -O0  -mllvm -disable-llvm-optzns -fno-threadsafe-statics  -fno-use-cxa-atexit -DAESL_SYN -D__SYNTHESIS__ -D__HLS_SYN__ -I "/opt/Xilinx/Vivado_HLS/2016.2/common/technology/autopilot" -I "/opt/Xilinx/Vivado_HLS/2016.2/common/technology/autopilot/ap_sysc" -include etc/autopilot_ssdm_op.h -g -o "/home/amin/sarbazi/hlsprojs/sift_starter/solution1/.autopilot/db/dog.g.bc"
@I [HLS-100] Command "source /home/amin/sarbazi/hlsprojs/sift_starter/solution1/.autopilot/db/ve_warning.tcl "
@I [HLS-100] Command 'ap_source' returned 0; elapsed 8.7e-05Total elapsed time: 265.309 sec.
@I [HLS-10] Validating synthesis directives ...
@0 [HLS-0] Validating synthesis directives ...
@I [HLS-100] Command "source /home/amin/sarbazi/hlsprojs/sift_starter/solution1/.autopilot/db/pragma.status.tcl "
@I [HLS-100] Command 'ap_source' returned 0; elapsed 6.1e-05Total elapsed time: 265.309 sec.
@I [HLS-0] Linking all ...
@I [HLS-0] exec llvm-ld  "/home/amin/sarbazi/hlsprojs/sift_starter/solution1/.autopilot/db/dog.bc"  -disable-opt  -L/opt/Xilinx/Vivado_HLS/2016.2/lnx64/lib -lm_basic -o "/home/amin/sarbazi/hlsprojs/sift_starter/solution1/.autopilot/db/a.o.pre"
@I [HLS-0] Link time: 5 seconds per iteration
@I [HLS-0] Linking all ...
@I [HLS-0] exec llvm-ld  "/home/amin/sarbazi/hlsprojs/sift_starter/solution1/.autopilot/db/dog.g.bc"  -disable-opt  -L/opt/Xilinx/Vivado_HLS/2016.2/lnx64/lib -lm_basic -o "/home/amin/sarbazi/hlsprojs/sift_starter/solution1/.autopilot/db/a.g.pre"
@I [HLS-0] Link time: 5 seconds per iteration
@I [HLS-100] Command "opt_and_import_c a -opt_level=2 -skip_syncheck=0 -ng=0 -keep_printf=0 "
@I [HLS-100] Command "cleanup_all_models "
@I [HLS-100] Command 'cleanup_all_models' returned 0; elapsed 3.9e-05Total elapsed time: 275.809 sec.
@I [HLS-10] Starting code transformations ...
@0 [HLS-0] Starting code transformations ...
@I [HLS-0] std xform: transform -hls -share-std-xform -always-inline -promote-dbg-pointer  -interface-preproc  -scalarrepl -mem2reg -keep-read-access -instcombine -dce  -promote-dbg-pointer  -bitop-raise  -indvars -loop-simplify -xunroll  -constprop -instcombine -simplifycfg -indvars  -simplifycfg -dce -globaldce  -basicaa  -simplifycfg -mem2reg -globalopt  -global-constprop -deadargelim -instcombine -simplifycfg  -prune-eh -simplifycfg  -scalarrepl -instcombine -reassociate -licm  -simplifycfg -loop-simplify -indvars -instcombine  -simplifycfg -mem2reg -loop-simplify -indvars -instcombine  -gvn -gvn -instcombine -adce  -break-crit-edges  -simplifycfg -loop-delete  -global-array-opt -dce -dse -adce  -find-syn-modules -top kp_detection  -deadargelim  -mem2reg -instcombine -dce  -presyn-prepare -auto-rom-infer  -interface-preproc  -syn-check -check-rec-only  -find-region -simplifycfg -func-extr -function-inline  -globaldce -mem2reg -instcombine -dce   -gvn -globaldce -adce -adse  -constprop -instcombine -bit-constprop  -instcombine -dce -simplifycfg -bitop-raise  -simplifycfg -dce -loop-delete -reassociate  -globalopt -global-privatize -mem2reg -dce  -global-constprop -pointer-simplify -constprop -dce  -func-inst -deadargelim  -promote-dbg-pointer  -norm-name   /home/amin/sarbazi/hlsprojs/sift_starter/solution1/.autopilot/db/a.g.0.bc -o /home/amin/sarbazi/hlsprojs/sift_starter/solution1/.autopilot/db/a.g.1.bc -f  -phase std-opt
@I [HLS-0] Std xform time: 5 seconds per iteration
@I [HLS-100] Command "is_encrypted /home/amin/sarbazi/hlsprojs/sift_starter/solution1/.autopilot/db/a.g.1.bc "
@I [HLS-100] Command 'is_encrypted' returned 0; elapsed 0.000232Total elapsed time: 284.893 sec.
@I [HLS-10] Checking synthesizability ...
@0 [HLS-0] Checking synthesizability ...
@I [HLS-0] syn check 1/2: transform -hls -syn-check -check-rec-only -disaggr -scalarrepl -norm-name -dce  -mem2reg -instcombine  -function-uniquify -directive-preproc -mem2reg -dse -dce -auto-rom-infer -dce  -array-normalize -instcombine -dce  -array-seg-normalize -instcombine -dce  -array-flatten -instcombine -dce  -array-burst -dce  -deadargelim -promote-global-argument  -simplifycfg -mem2reg -globaldce -resolve-double-ptr  -dce -deadargelim -dce -instcombine  -function-inline -globaldce -dce  -doublePtrSimplify -doublePtrElim -dce  -doublePtrSimplify -promote-dbg-pointer  -dce -scalarrepl -dse -adse -instcombine  -ptrLegalization  -simplifycfg -dce -instcombine  -pointer-simplify -ptrArgReplace -dce -instcombine   -disaggr -scalarrepl -norm-name -dce  -mem2reg -instcombine -ptrLegalization   -simplifycfg -deadargelim  -instcombine -dce -inst-simplify  -function-uniquify -directive-preproc -mem2reg -dse -dce  -globaldce    /home/amin/sarbazi/hlsprojs/sift_starter/solution1/.autopilot/db/a.g.1.bc -o /home/amin/sarbazi/hlsprojs/sift_starter/solution1/.autopilot/db/a.g.2.prechk.bc -f
@I [HLS-0] Syn check 1/2 time: 1 seconds per iteration
@I [HLS-0] syn check 2/2: transform -syn-check   /home/amin/sarbazi/hlsprojs/sift_starter/solution1/.autopilot/db/a.g.2.prechk.bc -o /home/amin/sarbazi/hlsprojs/sift_starter/solution1/.autopilot/db/a.g.2.bc -f  -phase syn-check
@I [HLS-0] Syn check 2/2 time: 1 seconds per iteration
@I [HLS-0] Compiler optimizing ...
@I [HLS-0] Share syncheck's 1.bc for syn flow: copy /home/amin/sarbazi/hlsprojs/sift_starter/solution1/.autopilot/db/a.g.1.bc to /home/amin/sarbazi/hlsprojs/sift_starter/solution1/.autopilot/db/a.o.1.bc
@I [HLS-0] presyn 1: transform -hls -tmp /home/amin/sarbazi/hlsprojs/sift_starter/solution1/.autopilot/db -type-info  -function-uniquify -directive-preproc -mem2reg -dse -dce  -disaggr -scalarrepl -norm-name -deadargelim  -mem2reg -instcombine -dce -auto-rom-infer -dce -function-uniquify  -resource-proc  -simplifycfg -mem2reg -globaldce -resolve-double-ptr -dce -deadargelim -dce -instcombine  -clib-intrinsic-prepare -dce  -func-buffer -dce -array-normalize  -func-legal -instcombine -gvn -constprop -dce   -ptrArgReplace -mem2reg -instcombine -dce  -array-seg-normalize -deadargelim  -instcombine -dce  -pointer-simplify -dce  -port-alignment -dce  -interface-preproc  -data-pack -instcombine -dce   -basicaa -aggr-aa -aggrmodref-aa -aggr-aa -gvn -gvn  -basicaa -aggr-aa -aggrmodref-aa -aggr-aa -dse -adse -adce  -loop-simplify -indvars -instcombine  -gvn -loop-simplify -mem2reg -dce -simplifycfg  -find-region -instcombine  -auto-loop-pipeline  -inst-simplify  -interface-preproc  -indvars -auto-loop-unroll -loop-simplify -loop-bound -xunroll  -constprop -instcombine -simplifycfg -indvars  -simplifycfg -dce -globaldce  -attach-range  -gvn -inst-simplify  -constprop -simplifycfg -dce  -pointer-simplify -dce  -globalopt -constprop -dce  -array-promote -constprop -instcombine -dce  -ptrArgReplace -mem2reg  -instcombine -simplifycfg -dce  -auto-par -instcombine -dce  -array-transform-check  -array-reshape -instcombine -simplifycfg -dce  -ptrArgReplace -deadargelim -mem2reg  -instcombine -simplifycfg -dce   -indvars -loop-simplify -loop-bound -xunroll  -constprop -instcombine -simplifycfg -indvars  -simplifycfg -dce -globaldce  -duplicate-dataflow-processes -globaldce  -array-partition -instcombine -simplifycfg -dce  -ptrArgReplace -global-constprop -deadargelim -mem2reg  -func-legal -instcombine -dce -global-constprop -deadargelim -mem2reg  -instcombine -simplifycfg -dce   -globalopt -constprop -dce  -array-promote -constprop -instcombine -dce  -ptrArgReplace -mem2reg  -instcombine -simplifycfg -dce   -mem-intrinsic-preproc -dce  -global-privatize  -mem2reg -globaldce  -promote-global-argument  -ptrArgReplace -mem2reg -instcombine -dce  -globalopt -mergereturn -simplify-global-access -mem2reg -dce  -pointer-simplify -dce  -functionattrs  -basicaa -aggr-aa -aggrmodref-aa -aggr-aa -gvn -gvn  -basicaa -aggr-aa -aggrmodref-aa -aggr-aa -dse -adse -adce  -inst-simplify -dce -norm-name  -function-inline -globaldce  -func-inst -constprop -instcombine -simplifycfg -dce  -func-legal -dce   -loop-bound  -arraycheck -bitwidthmin -on-by-dataflow  -loop-delete -instcombine -simplifycfg  -globaldce -dce -gvn -deadargelim -dce -loop-simplify -clean-region -simplifycfg -propagate-stable-arguments  -loop-stream -instcombine -simplifycfg -dce -globaldce  -stream-intrinsic-preproc -dce  -check-ap-stream -loop-simplify -eliminate-keepreads  -extract-dataflow-in-loop -loop-simplify -dce -gvn -deadargelim -dse  -check-dataflow-syntax  -legalize-stream-variable -legalize-global -legalize-global-1  -extract-subproc -dce -dead-channel-elimination  -canonicalize-gep -globaldce -dce -gvn -deadargelim  -scalar-propagation -deadargelim -globaldce -mem2reg  -check-dataflow-channels -function-stream -annotate-dataflow-channels -dce -globaldce  -prop-fifo-spec -internal-stream-gen  -canonicalize-gep -globaldce -dce -gvn -deadargelim   -mergereturn -indvars -loop-simplify -instcombine  -array-stream -instcombine -simplifycfg -dce  -bundle-memfifo-ops -deadargelim    -function-uniquify -directive-preproc -mem2reg -dse -dce  -group-axi-access    -licm -simplifycfg -dce -loop-delete  -norm-name  /home/amin/sarbazi/hlsprojs/sift_starter/solution1/.autopilot/db/a.o.1.bc -o /home/amin/sarbazi/hlsprojs/sift_starter/solution1/.autopilot/db/a.o.1.tmp.bc -f
@I [XFORM-1101] Packing variable 'out.V.data.V' (sift_starter/src/dog.cpp:163) into a 162-bit variable.
@I [XFORM-102] Partitioning array 'window.V' in dimension 1 automatically.
@I [XFORM-102] Partitioning array 'window.V.0' automatically.
@I [XFORM-102] Partitioning array 'window.V.1' automatically.
@I [XFORM-102] Partitioning array 'window.V.2' automatically.
@I [XFORM-101] Partitioning array 'buffer.V'  in dimension 1 completely.
@I [HLS-0] Presyn 1 time: 2 seconds per iteration
@I [HLS-0] presyn 2: transform -hls -keep-callgraph -scalarrepl -mem2reg  -port-alignment -attach-range -dce  -pipe-mux-gen  -indvars -loop-bound  -inst-simplify -instcombine -dce  -merge-array-access -mem2reg -dce  -clean-region -mergereturn -if-conv  -instcombine -dce -constprop  -basicaa -aggr-aa -aggrmodref-aa -aggr-aa -gvn -gvn  -basicaa -aggr-aa -aggrmodref-aa -aggr-aa -dse -adse -adce  -scalarrepl -mem2reg  -global-constprop -deadargelim -deadargelim  -instcombine -dce -simplifycfg    -ptrArgReplace -mem2reg -function-inline  -globaldce -mem2reg -instcombine -dce -expr-balance  -instcombine -dce  -bitwidthmin  -interface-preproc -directive-preproc  -inst-rectify -instcombine -dce  -functionattrs  -constprop -instcombine -bit-constprop  -simplify-global-access  -globalopt -globaldce  -inst-simplify -instcombine -elimdeaddata -dce  -loop-delete -simplifycfg -loop-simplify -auto-burst   -norm-name /home/amin/sarbazi/hlsprojs/sift_starter/solution1/.autopilot/db/a.o.1.tmp.bc -o /home/amin/sarbazi/hlsprojs/sift_starter/solution1/.autopilot/db/a.o.2.bc -f  -phase presyn
@I [HLS-0] Presyn 2 time: 1 seconds per iteration
@I [HLS-100] Command "is_encrypted /home/amin/sarbazi/hlsprojs/sift_starter/solution1/.autopilot/db/a.o.2.bc "
@I [HLS-100] Command 'is_encrypted' returned 0; elapsed 6.4e-05Total elapsed time: 292.714 sec.
@I [HLS-0] build ssdm: transform -hls  -function-uniquify -auto-function-inline -globaldce  -ptrArgReplace -mem2reg -instcombine -dce  -reset-lda  -loop-simplify -indvars -licm -loop-dep  -loop-bound -licm -loop-simplify -flattenloopnest  -array-flatten -gvn -instcombine -dce  -array-map -dce -func-legal  -gvn -adce -instcombine -cfgopt -simplifycfg -loop-simplify   -array-burst -promote-global-argument -dce  -axi4-lower -array-seg-normalize  -basicaa -aggrmodref-aa -globalsmodref-aa -aggr-aa -gvn -gvn  -basicaa -aggrmodref-aa -globalsmodref-aa -aggr-aa -dse -adse -adce -licm  -inst-simplify -dce  -globaldce -instcombine -array-stream -eliminate-keepreads -instcombine  -dce   -deadargelim -doublePtrSimplify  -doublePtrElim -dce -doublePtrSimplify -promote-dbg-pointer  -dce -scalarrepl -mem2reg -disaggr -norm-name -mem2reg  -instcombine  -dse -adse -adce -ptrLegalization -dce -auto-rom-infer -array-flatten -dce -instcombine  -loop-rot -constprop -cfgopt -simplifycfg -loop-simplify -indvars -pointer-simplify -dce -loop-bound  -loop-simplify -loop-preproc  -constprop -global-constprop -gvn -mem2reg -instcombine -dce  -loop-merge -dce  -bitwidthmin  -deadargelim -dce  -scalar-propagation -deadargelim -globaldce -mem2reg  -interface-preproc -interface-gen  -deadargelim -directive-preproc -inst-simplify -dce  -gvn -mem2reg -instcombine -dce -adse  -loop-bound  -instcombine -cfgopt -simplifycfg -loop-simplify  -clean-region -io-protocol  -find-region -mem2reg  -bitop-raise  -inst-simplify -inst-rectify -instcombine -adce -deadargelim  -loop-simplify -phi-opt -bitop-raise  -cfgopt -simplifycfg -strip-dead-prototypes  -interface-lower -bitop-lower -intrinsic-lower -auto-function-inline  -basicaa -aggrmodref-aa -globalsmodref-aa -aggr-aa  -inst-simplify -simplifycfg   -mergereturn -inst-simplify -inst-rectify  -dce -bitop-lower  -loop-rewind -pointer-simplify -dce -cfgopt  -read-loop-dep -dce -bitwidth -norm-name -legalize    -cdfg-build  /home/amin/sarbazi/hlsprojs/sift_starter/solution1/.autopilot/db/a.o.2.bc -o /home/amin/sarbazi/hlsprojs/sift_starter/solution1/.autopilot/db/a.o.3.bc -f  -phase build-ssdm
@I [XFORM-541] Flattening a loop nest 'Loop-1' (sift_starter/src/dog.cpp:176:11) in function 'kp_detection'.
@W [ANALYSIS-52] Found false intra dependency for variable 'buffer.V.1'.
@W [ANALYSIS-52] Found false intra dependency for variable 'buffer.V.0'.
@W [ANALYSIS-52] Asserting false dependency between 'load' operation 'buffer.V.1.load'(sift_starter/src/dog.cpp:187:29) from variable 'buffer.V.1' and 'store' operation to variable 'buffer.V.1' according to false dependency pragma(sift_starter/src/dog.cpp:181:1), this may lead to incorrect RTL generation.
@W [ANALYSIS-52] Asserting false dependency between 'store' operation to variable 'buffer.V.1' and 'load' operation 'buffer.V.1.load'(sift_starter/src/dog.cpp:187:29) from variable 'buffer.V.1' according to false dependency pragma(sift_starter/src/dog.cpp:181:1), this may lead to incorrect RTL generation.
@W [ANALYSIS-52] Asserting false dependency between 'load' operation 'buffer.V.0.load'(sift_starter/src/dog.cpp:192:29) from variable 'buffer.V.0' and 'store' operation to variable 'buffer.V.0' according to false dependency pragma(sift_starter/src/dog.cpp:181:1), this may lead to incorrect RTL generation.
@W [ANALYSIS-52] Asserting false dependency between 'store' operation to variable 'buffer.V.0' and 'load' operation 'buffer.V.0.load'(sift_starter/src/dog.cpp:192:29) from variable 'buffer.V.0' according to false dependency pragma(sift_starter/src/dog.cpp:181:1), this may lead to incorrect RTL generation.
@I [HLS-0] Build ssdm time: 1 seconds per iteration
@I [HLS-100] Command "is_encrypted /home/amin/sarbazi/hlsprojs/sift_starter/solution1/.autopilot/db/a.o.3.bc "
@I [HLS-100] Command 'is_encrypted' returned 0; elapsed 0.000159Total elapsed time: 295.644 sec.
@I [HLS-0] Finish building internal data model.
@I [HLS-100] Command 'opt_and_import_c' returned 0; elapsed 7.26075Total elapsed time: 296.115 sec.
@I [HLS-111] Elapsed time: 14.6918 seconds; current memory usage: 233 MB.
@I [HLS-100] Command 'elaborate' returned 0; elapsed 14.2658Total elapsed time: 296.124 sec.
@I [HLS-100] Command "autosyn "
@I [HLS-10] Starting hardware synthesis ...
@0 [HLS-0] Starting hardware synthesis ...
@I [HLS-0] Synthesizing C/C++ design ...
@I [HLS-10] Synthesizing 'kp_detection' ...
@0 [HLS-0] Synthesizing 'kp_detection' ...
@I [HLS-100] Command "ap_set_top_model kp_detection "
@I [HLS-100] Command 'ap_set_top_model' returned 0; elapsed 0.000121Total elapsed time: 296.131 sec.
@I [HLS-100] Command "get_model_list kp_detection -filter all-wo-channel -topdown "
@I [HLS-100] Command 'get_model_list' returned 0; elapsed 9.8e-05Total elapsed time: 296.132 sec.
@I [HLS-100] Command "preproc_iomode -model kp_detection "
@I [HLS-100] Command 'preproc_iomode' returned 0; elapsed 0.000548Total elapsed time: 296.159 sec.
@I [HLS-100] Command "get_model_list kp_detection -filter all-wo-channel "
@I [HLS-100] Command 'get_model_list' returned 0; elapsed 6.4e-05Total elapsed time: 296.161 sec.
@I [HLS-0] Model list for configure: kp_detection
@I [HLS-0] Configuring Module : kp_detection ...
@I [HLS-100] Command "set_default_model kp_detection "
@I [HLS-100] Command 'set_default_model' returned 0; elapsed 0.000116Total elapsed time: 296.162 sec.
@I [HLS-100] Command "apply_spec_resource_limit kp_detection "
@I [HLS-100] Command 'apply_spec_resource_limit' returned 0; elapsed 6.7e-05Total elapsed time: 296.163 sec.
@I [HLS-0] Model list for preprocess: kp_detection
@I [HLS-0] Preprocessing Module: kp_detection ...
@I [HLS-100] Command "set_default_model kp_detection "
@I [HLS-100] Command 'set_default_model' returned 0; elapsed 8.7e-05Total elapsed time: 296.164 sec.
@I [HLS-100] Command "cdfg_preprocess -model kp_detection "
@I [HLS-100] Command 'cdfg_preprocess' returned 0; elapsed 0.003313Total elapsed time: 296.168 sec.
@I [HLS-100] Command "rtl_gen_preprocess kp_detection "
@I [HLS-100] Command 'rtl_gen_preprocess' returned 0; elapsed 0.003224Total elapsed time: 296.172 sec.
@I [HLS-0] Model list for synthesis: kp_detection
@I [HLS-10] ----------------------------------------------------------------
@0 [HLS-0] ----------------------------------------------------------------
@I [HLS-10] -- Scheduling module 'kp_detection' 
@0 [HLS-0] -- Scheduling module 'kp_detection' 
@I [HLS-10] ----------------------------------------------------------------
@0 [HLS-0] ----------------------------------------------------------------
@I [HLS-100] Command "set_default_model kp_detection "
@I [HLS-100] Command 'set_default_model' returned 0; elapsed 9.2e-05Total elapsed time: 296.174 sec.
@I [HLS-100] Command "schedule -model kp_detection "
@I [SCHED-11] Starting scheduling ...
@I [SCHED-61] Pipelining loop 'Loop 1'.
@I [SCHED-61] Pipelining result: Target II: 1, Final II: 1, Depth: 4.
@W [SCHED-21] Estimated clock period (5.17ns) exceeds the target (target clock period: 5ns, clock uncertainty: 0.625ns, effective delay budget: 4.38ns).
@W [SCHED-21] The critical path consists of the following:
	'phi' operation ('indvars_iv', sift_starter/src/dog.cpp:178) with incoming values : ('indvars_iv_mid2', sift_starter/src/dog.cpp:178) (0 ns)
	'icmp' operation ('exitcond', sift_starter/src/dog.cpp:178) (2.03 ns)
	'select' operation ('p_0130_1_mid2', sift_starter/src/dog.cpp:178) (1.37 ns)
	'add' operation ('tmp_5', sift_starter/src/dog.cpp:203) (1.77 ns)
@I [SCHED-11] Finished scheduling.
@I [HLS-100] Command 'schedule' returned 0; elapsed 0.265251Total elapsed time: 296.705 sec.
@I [HLS-111] Elapsed time: 0.297968 seconds; current memory usage: 233 MB.
@I [HLS-100] Command "report -o /home/amin/sarbazi/hlsprojs/sift_starter/solution1/.autopilot/db/kp_detection.verbose.sched.rpt -verbose -f "
@I [HLS-100] Command 'report' returned 0; elapsed 0.026434Total elapsed time: 296.798 sec.
@I [HLS-100] Command "db_write -o /home/amin/sarbazi/hlsprojs/sift_starter/solution1/.autopilot/db/kp_detection.sched.adb -f "
@I [HLS-100] Command 'db_write' returned 0; elapsed 0.029271Total elapsed time: 296.882 sec.
@I [HLS-0] Finish scheduling kp_detection.
@I [HLS-10] ----------------------------------------------------------------
@0 [HLS-0] ----------------------------------------------------------------
@I [HLS-10] -- Exploring micro-architecture for module 'kp_detection' 
@0 [HLS-0] -- Exploring micro-architecture for module 'kp_detection' 
@I [HLS-10] ----------------------------------------------------------------
@0 [HLS-0] ----------------------------------------------------------------
@I [HLS-100] Command "set_default_model kp_detection "
@I [HLS-100] Command 'set_default_model' returned 0; elapsed 9.9e-05Total elapsed time: 296.886 sec.
@I [HLS-100] Command "bind -model kp_detection "
@I [BIND-110] clear=
@I [BIND-110] debug=
@I [BIND-110] drf=
@I [BIND-110] effort=
@I [BIND-110] fast_refine=
@I [BIND-110] fu_weight=[ 0.0 -- 1.0 ]
@I [BIND-110] global_opt=
@I [BIND-110] gsearch=
@I [BIND-110] help=
@I [BIND-110] help-hidden=
@I [BIND-110] min_mem_port=
@I [BIND-110] min_op=
@I [BIND-110] minreg=
@I [BIND-110] ml=
@I [BIND-110] model=kp_detection
@I [BIND-110] no_false_path=
@I [BIND-110] no_min_op=
@I [BIND-110] normalize=
@I [BIND-110] quiet=
@I [BIND-110] refine=
@I [BIND-110] reg_weight=[ 0.0 -- 1.0 ]
@I [BIND-110] search=
@I [BIND-110] tight_delay=
@I [BIND-110] verbose=
@I [BIND-110] wFF=
@I [BIND-110] wFU=
@I [BIND-110] wMUX=
@I [BIND-110] wNET=
@I [BIND-100] Starting micro-architecture generation ...
@I [BIND-101] Performing variable lifetime analysis.
@I [BIND-101] Exploring resource sharing.
@I [BIND-101] Binding ...
@I [BIND-100] Finished micro-architecture generation.
@I [HLS-100] Command 'bind' returned 0; elapsed 0.030953Total elapsed time: 296.938 sec.
@I [HLS-111] Elapsed time: 0.098926 seconds; current memory usage: 234 MB.
@I [HLS-100] Command "report -o /home/amin/sarbazi/hlsprojs/sift_starter/solution1/.autopilot/db/kp_detection.verbose.bind.rpt -verbose -f "
@I [HLS-100] Command 'report' returned 0; elapsed 0.065727Total elapsed time: 297.88 sec.
@I [HLS-100] Command "db_write -o /home/amin/sarbazi/hlsprojs/sift_starter/solution1/.autopilot/db/kp_detection.bind.adb -f "
@I [HLS-100] Command 'db_write' returned 0; elapsed 0.014032Total elapsed time: 297.127 sec.
@I [HLS-0] Finish binding kp_detection.
@I [HLS-100] Command "get_model_list kp_detection -filter all-wo-channel "
@I [HLS-100] Command 'get_model_list' returned 0; elapsed 4.2e-05Total elapsed time: 297.128 sec.
@I [HLS-0] Preprocessing for RTLGen ...
@I [HLS-100] Command "rtl_gen_preprocess kp_detection "
@I [HLS-100] Command 'rtl_gen_preprocess' returned 0; elapsed 0.001153Total elapsed time: 297.130 sec.
@I [HLS-0] Model list for RTL generation: kp_detection
@I [HLS-10] ----------------------------------------------------------------
@0 [HLS-0] ----------------------------------------------------------------
@I [HLS-10] -- Generating RTL for module 'kp_detection' 
@0 [HLS-0] -- Generating RTL for module 'kp_detection' 
@I [HLS-10] ----------------------------------------------------------------
@0 [HLS-0] ----------------------------------------------------------------
@I [HLS-100] Command "create_rtl_model kp_detection -vendor xilinx -mg_file /home/amin/sarbazi/hlsprojs/sift_starter/solution1/.autopilot/db/kp_detection.compgen.tcl "
@I [RTGEN-500] Setting interface mode on port 'kp_detection/in_V_V' to 'ap_fifo'.
@I [RTGEN-500] Setting interface mode on port 'kp_detection/out_V_data_V' to 'ap_fifo'.
@I [RTGEN-500] Setting interface mode on function 'kp_detection' to 'ap_ctrl_hs'.
@W [RTGEN-101] Register 'window_V_0_1' is power-on initialization.
@W [RTGEN-101] Register 'window_V_0_2' is power-on initialization.
@W [RTGEN-101] Register 'window_V_1_0' is power-on initialization.
@W [RTGEN-101] Register 'window_V_1_1' is power-on initialization.
@W [RTGEN-101] Register 'window_V_1_2' is power-on initialization.
@W [RTGEN-101] Register 'window_V_2_0' is power-on initialization.
@W [RTGEN-101] Register 'window_V_2_1' is power-on initialization.
@W [RTGEN-101] Register 'window_V_2_2' is power-on initialization.
@I [RTGEN-100] Finished creating RTL model for 'kp_detection'.
@I [HLS-100] Command 'create_rtl_model' returned 0; elapsed 0.090275Total elapsed time: 297.328 sec.
@I [HLS-111] Elapsed time: 0.183077 seconds; current memory usage: 234 MB.
@I [HLS-100] Command "source /home/amin/sarbazi/hlsprojs/sift_starter/solution1/.autopilot/db/kp_detection.rtl_wrap.cfg.tcl "
@I [HLS-100] Command 'ap_source' returned 0; elapsed 0.000784Total elapsed time: 297.367 sec.
@I [HLS-100] Command "gen_rtl kp_detection -istop -style xilinx -tracefl mytrace -tracefmt vcd -traceopt all -f -lang sc -o /home/amin/sarbazi/hlsprojs/sift_starter/solution1/syn/systemc/kp_detection -synmodules kp_detection "
@I [HLS-100] Command 'gen_rtl' returned 0; elapsed 0.009995Total elapsed time: 297.406 sec.
@I [HLS-100] Command "gen_rtl kp_detection -istop -style xilinx -f -lang vhdl -o /home/amin/sarbazi/hlsprojs/sift_starter/solution1/syn/vhdl/kp_detection "
@I [HLS-100] Command 'gen_rtl' returned 0; elapsed 0.060984Total elapsed time: 297.517 sec.
@I [HLS-100] Command "gen_rtl kp_detection -istop -style xilinx -f -lang vlog -o /home/amin/sarbazi/hlsprojs/sift_starter/solution1/syn/verilog/kp_detection "
@I [HLS-100] Command 'gen_rtl' returned 0; elapsed 0.042257Total elapsed time: 297.608 sec.
@I [HLS-100] Command "export_constraint_db -o /home/amin/sarbazi/hlsprojs/sift_starter/solution1/.autopilot/db/kp_detection.constraint.tcl -f -tool general "
@I [HLS-100] Command 'export_constraint_db' returned 0; elapsed 0.000454Total elapsed time: 297.610 sec.
@I [HLS-100] Command "report -model kp_detection -o /home/amin/sarbazi/hlsprojs/sift_starter/solution1/.autopilot/db/kp_detection.design.xml -verbose -f -dv "
@I [HLS-100] Command 'report' returned 0; elapsed 0.019787Total elapsed time: 297.655 sec.
@I [HLS-100] Command "report -model kp_detection -o /home/amin/sarbazi/hlsprojs/sift_starter/solution1/.autopilot/db/kp_detection.sdaccel.xml -verbose -f -sdaccel "
@I [HLS-100] Command 'report' returned 0; elapsed 0.032641Total elapsed time: 297.712 sec.
@I [HLS-100] Command "gen_tb_info kp_detection -o /home/amin/sarbazi/hlsprojs/sift_starter/solution1/.autopilot/db/kp_detection -p /home/amin/sarbazi/hlsprojs/sift_starter/solution1/.autopilot/db "
@I [HLS-100] Command 'gen_tb_info' returned 0; elapsed 0.000548Total elapsed time: 297.713 sec.
@I [HLS-100] Command "report -model kp_detection -o /home/amin/sarbazi/hlsprojs/sift_starter/solution1/syn/report/kp_detection_csynth.rpt -f "
@I [HLS-100] Command 'report' returned 0; elapsed 0.014192Total elapsed time: 297.752 sec.
@I [HLS-100] Command "report -model kp_detection -o /home/amin/sarbazi/hlsprojs/sift_starter/solution1/syn/report/kp_detection_csynth.xml -f -x "
@I [HLS-100] Command 'report' returned 0; elapsed 0.011052Total elapsed time: 297.763 sec.
@I [HLS-100] Command "report -model kp_detection -o /home/amin/sarbazi/hlsprojs/sift_starter/solution1/.autopilot/db/kp_detection.verbose.rpt -verbose -f "
@I [HLS-100] Command 'report' returned 0; elapsed 0.108093Total elapsed time: 297.992 sec.
@I [HLS-100] Command "db_write -model kp_detection -o /home/amin/sarbazi/hlsprojs/sift_starter/solution1/.autopilot/db/kp_detection.adb -f "
@I [HLS-100] Command 'db_write' returned 0; elapsed 0.04651Total elapsed time: 298.86 sec.
@I [HLS-100] Command "sc_get_clocks kp_detection "
@I [HLS-100] Command 'sc_get_clocks' returned 0; elapsed 1.3e-05Total elapsed time: 298.143 sec.
@I [HLS-100] Command "sc_get_portdomain kp_detection "
@I [HLS-100] Command 'sc_get_portdomain' returned 0; elapsed 8e-06Total elapsed time: 298.144 sec.
@I [HLS-0] Model list for RTL component generation: kp_detection
@I [HLS-0] Handling components in module [kp_detection] ... 
@I [HLS-100] Command "source /home/amin/sarbazi/hlsprojs/sift_starter/solution1/.autopilot/db/kp_detection.compgen.tcl "
@I [HLS-0] Found component kp_detection_buffer_V_1.
@I [HLS-0] Append model kp_detection_buffer_V_1
@I [HLS-100] Command 'ap_source' returned 0; elapsed 0.000348Total elapsed time: 298.146 sec.
@I [HLS-0] Append model kp_detection
@I [HLS-0] Generating RTL model list ...
@I [HLS-0] All models in this session: kp_detection_buffer_V_1 kp_detection
@I [HLS-0] To file: write model kp_detection_buffer_V_1
@I [HLS-0] To file: write model kp_detection
@I [HLS-0] Finished generating RTL model list.


@I [HLS-0] RTL Generation done.
@I [HLS-0] CAS Generation done.
@I [HLS-0] CBC Generation done.
@I [HLS-100] Command "export_ssdm /home/amin/sarbazi/hlsprojs/sift_starter/solution1/.autopilot/db/a.export.ll "
@I [HLS-100] Command 'export_ssdm' returned 0; elapsed 0.000515Total elapsed time: 298.147 sec.
@I [HLS-100] Command "source /home/amin/sarbazi/hlsprojs/sift_starter/solution1/.autopilot/db/global.setting.tcl "
@I [HLS-100] Command 'ap_source' returned 0; elapsed 0.000479Total elapsed time: 298.175 sec.
@I [HLS-100] Command "source /opt/Xilinx/Vivado_HLS/2016.2/common/technology/generic/autopilot/common.gen "
@I [HLS-100] Command "source /opt/Xilinx/Vivado_HLS/2016.2/common/technology/generic/autopilot/APCoreGen.gen "
@I [HLS-100] Command 'ap_source' returned 0; elapsed 0.000517Total elapsed time: 298.177 sec.
@I [HLS-100] Command 'ap_source' returned 0; elapsed 0.001278Total elapsed time: 298.177 sec.
@I [HLS-100] Command "source /opt/Xilinx/Vivado_HLS/2016.2/common/technology/generic/autopilot/op.gen "
@I [HLS-100] Command 'ap_source' returned 0; elapsed 0.000351Total elapsed time: 298.178 sec.
@I [HLS-100] Command "source /opt/Xilinx/Vivado_HLS/2016.2/common/technology/generic/autopilot/op_simcore.gen "
@I [HLS-100] Command 'ap_source' returned 0; elapsed 0.00078Total elapsed time: 298.179 sec.
@I [HLS-100] Command "source /opt/Xilinx/Vivado_HLS/2016.2/common/technology/generic/autopilot/interface.gen "
@I [HLS-100] Command 'ap_source' returned 0; elapsed 9.6e-05Total elapsed time: 298.179 sec.
@I [HLS-100] Command "source /home/amin/sarbazi/hlsprojs/sift_starter/solution1/.autopilot/db/global.setting.tcl "
@I [HLS-100] Command 'ap_source' returned 0; elapsed 0.000147Total elapsed time: 298.179 sec.
@I [HLS-100] Command "source /opt/Xilinx/Vivado_HLS/2016.2/common/technology/xilinx/qzynq/qzynq.gen "
@I [HLS-100] Command "source /opt/Xilinx/Vivado_HLS/2016.2/common/technology/xilinx/common/virtex.gen "
@I [HLS-100] Command "source /opt/Xilinx/Vivado_HLS/2016.2/common/technology/xilinx/common/xilinx.gen "
@I [HLS-100] Command "source /opt/Xilinx/Vivado_HLS/2016.2/common/technology/xilinx/interface/plb46.gen "
@I [HLS-100] Command 'ap_source' returned 0; elapsed 0.001104Total elapsed time: 298.181 sec.
@I [HLS-100] Command "source /opt/Xilinx/Vivado_HLS/2016.2/common/technology/xilinx/interface/fsl.gen "
@I [HLS-100] Command 'ap_source' returned 0; elapsed 0.000419Total elapsed time: 298.182 sec.
@I [HLS-100] Command "source /opt/Xilinx/Vivado_HLS/2016.2/common/technology/xilinx/interface/axi4.gen "
@I [HLS-100] Command 'ap_source' returned 0; elapsed 0.001878Total elapsed time: 298.184 sec.
@I [HLS-100] Command "source /opt/Xilinx/Vivado_HLS/2016.2/common/technology/xilinx/interface/nativeAXI4.gen "
@I [HLS-100] Command "source /opt/Xilinx/Vivado_HLS/2016.2/common/technology/xilinx/interface/saxilite.gen "
@I [HLS-100] Command 'ap_source' returned 0; elapsed 0.003137Total elapsed time: 298.187 sec.
@I [HLS-100] Command "source /opt/Xilinx/Vivado_HLS/2016.2/common/technology/xilinx/interface/maxi.gen "
@I [HLS-100] Command 'ap_source' returned 0; elapsed 0.007454Total elapsed time: 298.195 sec.
@I [HLS-100] Command 'ap_source' returned 0; elapsed 0.011189Total elapsed time: 298.195 sec.
@I [HLS-100] Command "source /opt/Xilinx/Vivado_HLS/2016.2/common/technology/xilinx/scripts/xilinxcoregen.gen "
@I [HLS-100] Command 'ap_source' returned 0; elapsed 0.013208Total elapsed time: 298.233 sec.
@I [HLS-100] Command "source /opt/Xilinx/Vivado_HLS/2016.2/common/technology/xilinx/interface/XilEDKCoreGen.gen "
@I [HLS-100] Command 'ap_source' returned 0; elapsed 0.010147Total elapsed time: 298.244 sec.
@I [HLS-100] Command "source /opt/Xilinx/Vivado_HLS/2016.2/common/technology/xilinx/ip/dds_compiler.gen "
@I [HLS-100] Command 'ap_source' returned 0; elapsed 0.003261Total elapsed time: 298.247 sec.
@I [HLS-100] Command "source /opt/Xilinx/Vivado_HLS/2016.2/common/technology/xilinx/ip/util.gen "
@I [HLS-100] Command 'ap_source' returned 0; elapsed 0.00014Total elapsed time: 298.248 sec.
@I [HLS-100] Command "source /opt/Xilinx/Vivado_HLS/2016.2/common/technology/xilinx/ip/xfir.gen "
@I [HLS-100] Command 'ap_source' returned 0; elapsed 0.001601Total elapsed time: 298.273 sec.
@I [HLS-100] Command "source /opt/Xilinx/Vivado_HLS/2016.2/common/technology/xilinx/ip/xfft.gen "
@I [HLS-100] Command 'ap_source' returned 0; elapsed 0.237861Total elapsed time: 298.749 sec.
@I [HLS-100] Command 'ap_source' returned 0; elapsed 0.28381Total elapsed time: 298.750 sec.
@I [HLS-100] Command "source /opt/Xilinx/Vivado_HLS/2016.2/common/technology/xilinx/common/dsp48.gen "
@I [HLS-100] Command 'ap_source' returned 0; elapsed 0.000328Total elapsed time: 298.754 sec.
@I [HLS-100] Command 'ap_source' returned 0; elapsed 0.289301Total elapsed time: 298.755 sec.
@I [HLS-100] Command 'ap_source' returned 0; elapsed 0.289716Total elapsed time: 298.755 sec.
@I [HLS-100] Command "source /opt/Xilinx/Vivado_HLS/2016.2/common/technology/xilinx/qzynq/qzynq_fpv6.gen "
@I [HLS-100] Command "source /opt/Xilinx/Vivado_HLS/2016.2/common/technology/xilinx/common/xilinx_fpv6.gen "
@I [HLS-100] Command 'ap_source' returned 0; elapsed 0.003563Total elapsed time: 298.760 sec.
@I [HLS-100] Command 'ap_source' returned 0; elapsed 0.004208Total elapsed time: 298.760 sec.
@I [HLS-100] Command "source /home/amin/sarbazi/hlsprojs/sift_starter/solution1/.autopilot/db/global.setting.tcl "
@I [HLS-100] Command 'ap_source' returned 0; elapsed 0.000356Total elapsed time: 298.762 sec.
@I [HLS-100] Command "source /home/amin/sarbazi/hlsprojs/sift_starter/solution1/.autopilot/db/global.setting.tcl "
@I [HLS-100] Command 'ap_source' returned 0; elapsed 0.000308Total elapsed time: 298.763 sec.
@I [HLS-100] Command "source /home/amin/sarbazi/hlsprojs/sift_starter/solution1/.autopilot/db/global.setting.tcl "
@I [HLS-100] Command 'ap_source' returned 0; elapsed 0.000372Total elapsed time: 298.764 sec.
@I [HLS-100] Command "source /home/amin/sarbazi/hlsprojs/sift_starter/solution1/.autopilot/db/global.setting.tcl "
@I [HLS-100] Command 'ap_source' returned 0; elapsed 0.0003Total elapsed time: 298.765 sec.
@I [HLS-100] Command "source /home/amin/sarbazi/hlsprojs/sift_starter/solution1/.autopilot/db/kp_detection.compgen.tcl "
@I [RTMG-278] Implementing memory 'kp_detection_buffer_V_1_ram' using block RAMs with power-on initialization.
@I [HLS-100] Command 'ap_source' returned 0; elapsed 0.039058Total elapsed time: 298.853 sec.
@I [HLS-10] Finished generating all RTL models.
@0 [HLS-0] Finished generating all RTL models.
@I [SYSC-301] Generating SystemC RTL for kp_detection.
@I [VHDL-304] Generating VHDL RTL for kp_detection.
@I [VLOG-307] Generating Verilog RTL for kp_detection.
@I [HLS-100] Command 'autosyn' returned 0; elapsed 1.33066Total elapsed time: 298.861 sec.
@I [HLS-100] Command 'csynth_design' returned 0; elapsed 15.5978Total elapsed time: 298.861 sec.
@I [HLS-100] Command 'ap_source' returned 0; elapsed 15.7982Total elapsed time: 298.861 sec.
@I [HLS-100] Command "cleanup_all "
@I [HLS-100] Command 'cleanup_all' returned 0; elapsed 0.013713Total elapsed time: 298.900 sec.
